<?xml version="1.0" encoding="UTF-8"?>
<testng-results ignored="0" total="6" passed="6" failed="0" skipped="0">
  <reporter-output>
  </reporter-output>
  <suite started-at="2021-05-07T14:09:58 IST" name="Default suite" finished-at="2021-05-07T14:10:49 IST" duration-ms="50765">
    <groups>
      <group name="cucumber">
        <method signature="AbstractTestNGCucumberTests.runScenario(io.cucumber.testng.PickleWrapper, io.cucumber.testng.FeatureWrapper)[pri:0, instance:Runner_files.Login_negative_scenario_runner@485966cc]" name="runScenario" class="io.cucumber.testng.AbstractTestNGCucumberTests"/>
      </group> <!-- cucumber -->
    </groups>
    <test started-at="2021-05-07T14:09:58 IST" name="Default test" finished-at="2021-05-07T14:10:49 IST" duration-ms="50765">
      <class name="Runner_files.Login_negative_scenario_runner">
        <test-method is-config="true" signature="setUpClass()[pri:0, instance:Runner_files.Login_negative_scenario_runner@485966cc]" started-at="2021-05-07T14:09:58 IST" name="setUpClass" finished-at="2021-05-07T14:09:59 IST" duration-ms="1236" status="PASS">
          <reporter-output>
          </reporter-output>
        </test-method> <!-- setUpClass -->
        <test-method signature="runScenario(io.cucumber.testng.PickleWrapper, io.cucumber.testng.FeatureWrapper)[pri:0, instance:Runner_files.Login_negative_scenario_runner@485966cc]" started-at="2021-05-07T14:09:59 IST" name="runScenario" description="Runs Cucumber Scenarios" data-provider="scenarios" finished-at="2021-05-07T14:10:13 IST" duration-ms="13201" status="PASS">
          <params>
            <param index="0">
              <value>
                <![CDATA["Validate that the user is not allowed to login when Phone number and Password fields are blank"]]>
              </value>
            </param>
            <param index="1">
              <value>
                <![CDATA["Optional[Validate login negative functionality]"]]>
              </value>
            </param>
          </params>
          <reporter-output>
          </reporter-output>
        </test-method> <!-- runScenario -->
        <test-method signature="runScenario(io.cucumber.testng.PickleWrapper, io.cucumber.testng.FeatureWrapper)[pri:0, instance:Runner_files.Login_negative_scenario_runner@485966cc]" started-at="2021-05-07T14:10:13 IST" name="runScenario" description="Runs Cucumber Scenarios" data-provider="scenarios" finished-at="2021-05-07T14:10:18 IST" duration-ms="4902" status="PASS">
          <params>
            <param index="0">
              <value>
                <![CDATA["Validate that the user should get a validation message on entering invalid credentials in the Login Page"]]>
              </value>
            </param>
            <param index="1">
              <value>
                <![CDATA["Optional[Validate login negative functionality]"]]>
              </value>
            </param>
          </params>
          <reporter-output>
          </reporter-output>
        </test-method> <!-- runScenario -->
        <test-method signature="runScenario(io.cucumber.testng.PickleWrapper, io.cucumber.testng.FeatureWrapper)[pri:0, instance:Runner_files.Login_negative_scenario_runner@485966cc]" started-at="2021-05-07T14:10:18 IST" name="runScenario" description="Runs Cucumber Scenarios" data-provider="scenarios" finished-at="2021-05-07T14:10:22 IST" duration-ms="4568" status="PASS">
          <params>
            <param index="0">
              <value>
                <![CDATA["Validate that the user is not allowed to login with invalid Phone number and valid Password"]]>
              </value>
            </param>
            <param index="1">
              <value>
                <![CDATA["Optional[Validate login negative functionality]"]]>
              </value>
            </param>
          </params>
          <reporter-output>
          </reporter-output>
        </test-method> <!-- runScenario -->
        <test-method signature="runScenario(io.cucumber.testng.PickleWrapper, io.cucumber.testng.FeatureWrapper)[pri:0, instance:Runner_files.Login_negative_scenario_runner@485966cc]" started-at="2021-05-07T14:10:22 IST" name="runScenario" description="Runs Cucumber Scenarios" data-provider="scenarios" finished-at="2021-05-07T14:10:25 IST" duration-ms="2520" status="PASS">
          <params>
            <param index="0">
              <value>
                <![CDATA["Validate that the user is not allowed to login with invalid Password and valid phone number"]]>
              </value>
            </param>
            <param index="1">
              <value>
                <![CDATA["Optional[Validate login negative functionality]"]]>
              </value>
            </param>
          </params>
          <reporter-output>
          </reporter-output>
        </test-method> <!-- runScenario -->
        <test-method signature="runScenario(io.cucumber.testng.PickleWrapper, io.cucumber.testng.FeatureWrapper)[pri:0, instance:Runner_files.Login_negative_scenario_runner@485966cc]" started-at="2021-05-07T14:10:25 IST" name="runScenario" description="Runs Cucumber Scenarios" data-provider="scenarios" finished-at="2021-05-07T14:10:30 IST" duration-ms="4991" status="PASS">
          <params>
            <param index="0">
              <value>
                <![CDATA["Validate that user is not able to login on leaving Phone number field blank and only giving valid Password"]]>
              </value>
            </param>
            <param index="1">
              <value>
                <![CDATA["Optional[Validate login negative functionality]"]]>
              </value>
            </param>
          </params>
          <reporter-output>
          </reporter-output>
        </test-method> <!-- runScenario -->
        <test-method signature="runScenario(io.cucumber.testng.PickleWrapper, io.cucumber.testng.FeatureWrapper)[pri:0, instance:Runner_files.Login_negative_scenario_runner@485966cc]" started-at="2021-05-07T14:10:30 IST" name="runScenario" description="Runs Cucumber Scenarios" data-provider="scenarios" finished-at="2021-05-07T14:10:47 IST" duration-ms="17278" status="PASS">
          <params>
            <param index="0">
              <value>
                <![CDATA["Validate that user is not able to login on leaving Password field blank and only giving valid Phone number"]]>
              </value>
            </param>
            <param index="1">
              <value>
                <![CDATA["Optional[Validate login negative functionality]"]]>
              </value>
            </param>
          </params>
          <reporter-output>
          </reporter-output>
        </test-method> <!-- runScenario -->
        <test-method is-config="true" signature="tearDownClass()[pri:0, instance:Runner_files.Login_negative_scenario_runner@485966cc]" started-at="2021-05-07T14:10:47 IST" name="tearDownClass" finished-at="2021-05-07T14:10:49 IST" duration-ms="2009" status="PASS">
          <reporter-output>
          </reporter-output>
        </test-method> <!-- tearDownClass -->
      </class> <!-- Runner_files.Login_negative_scenario_runner -->
    </test> <!-- Default test -->
  </suite> <!-- Default suite -->
</testng-results>
